# JRE version: OpenJDK Runtime Environment (8.0_03-b03) (build 1.8.0_03-Ubuntu-8u77-b03-3ubuntu3-b03)
# Java VM: OpenJDK 64-Bit Server VM (25.03-b03 mixed mode linux-amd64 compressed oops)
Heap:
 PSYoungGen      total 305664K, used 19571K [0x00000000d5580000, 0x00000000eaa80000, 0x0000000100000000)
  eden space 262144K, 5% used [0x00000000d5580000,0x00000000d6269588,0x00000000e5580000)
  from space 43520K, 14% used [0x00000000e5580000,0x00000000e5bb3a60,0x00000000e8000000)
  to   space 43520K, 0% used [0x00000000e8000000,0x00000000e8000000,0x00000000eaa80000)
 ParOldGen       total 699392K, used 47K [0x0000000080000000, 0x00000000aab00000, 0x00000000d5580000)
  object space 699392K, 0% used [0x0000000080000000,0x000000008000be10,0x00000000aab00000)
 Metaspace       used 18286K, capacity 18454K, committed 18688K, reserved 1067008K
  class space    used 1668K, capacity 1714K, committed 1792K, reserved 1048576K
GC Heap History (6 events):
Event: 4,968 GC heap before
{Heap before GC invocations=1 (full 0):
 PSYoungGen      total 305664K, used 262144K [0x00000000d5580000, 0x00000000eaa80000, 0x0000000100000000)
  eden space 262144K, 100% used [0x00000000d5580000,0x00000000e5580000,0x00000000e5580000)
  from space 43520K, 0% used [0x00000000e8000000,0x00000000e8000000,0x00000000eaa80000)
  to   space 43520K, 0% used [0x00000000e5580000,0x00000000e5580000,0x00000000e8000000)
 ParOldGen       total 699392K, used 0K [0x0000000080000000, 0x00000000aab00000, 0x00000000d5580000)
  object space 699392K, 0% used [0x0000000080000000,0x0000000080000000,0x00000000aab00000)
 Metaspace       used 15360K, capacity 15545K, committed 15872K, reserved 1062912K
  class space    used 1625K, capacity 1710K, committed 1792K, reserved 1048576K
Event: 4,996 GC heap after
Heap after GC invocations=1 (full 0):
 PSYoungGen      total 305664K, used 11309K [0x00000000d5580000, 0x00000000eaa80000, 0x0000000100000000)
  eden space 262144K, 0% used [0x00000000d5580000,0x00000000d5580000,0x00000000e5580000)
  from space 43520K, 25% used [0x00000000e5580000,0x00000000e608b740,0x00000000e8000000)
  to   space 43520K, 0% used [0x00000000e8000000,0x00000000e8000000,0x00000000eaa80000)
 ParOldGen       total 699392K, used 0K [0x0000000080000000, 0x00000000aab00000, 0x00000000d5580000)
  object space 699392K, 0% used [0x0000000080000000,0x0000000080000000,0x00000000aab00000)
 Metaspace       used 15360K, capacity 15545K, committed 15872K, reserved 1062912K
  class space    used 1625K, capacity 1710K, committed 1792K, reserved 1048576K
}
Event: 18,277 GC heap before
{Heap before GC invocations=2 (full 0):
 PSYoungGen      total 305664K, used 273453K [0x00000000d5580000, 0x00000000eaa80000, 0x0000000100000000)
  eden space 262144K, 100% used [0x00000000d5580000,0x00000000e5580000,0x00000000e5580000)
  from space 43520K, 25% used [0x00000000e5580000,0x00000000e608b740,0x00000000e8000000)
  to   space 43520K, 0% used [0x00000000e8000000,0x00000000e8000000,0x00000000eaa80000)
 ParOldGen       total 699392K, used 0K [0x0000000080000000, 0x00000000aab00000, 0x00000000d5580000)
  object space 699392K, 0% used [0x0000000080000000,0x0000000080000000,0x00000000aab00000)
 Metaspace       used 18259K, capacity 18454K, committed 18688K, reserved 1067008K
  class space    used 1667K, capacity 1714K, committed 1792K, reserved 1048576K
Event: 18,310 GC heap after
Heap after GC invocations=2 (full 0):
 PSYoungGen      total 305664K, used 5374K [0x00000000d5580000, 0x00000000eaa80000, 0x0000000100000000)
  eden space 262144K, 0% used [0x00000000d5580000,0x00000000d5580000,0x00000000e5580000)
  from space 43520K, 12% used [0x00000000e8000000,0x00000000e853fa50,0x00000000eaa80000)
  to   space 43520K, 0% used [0x00000000e5580000,0x00000000e5580000,0x00000000e8000000)
 ParOldGen       total 699392K, used 0K [0x0000000080000000, 0x00000000aab00000, 0x00000000d5580000)
  object space 699392K, 0% used [0x0000000080000000,0x0000000080000000,0x00000000aab00000)
 Metaspace       used 18259K, capacity 18454K, committed 18688K, reserved 1067008K
  class space    used 1667K, capacity 1714K, committed 1792K, reserved 1048576K
}
Event: 31,752 GC heap before
{Heap before GC invocations=3 (full 0):
 PSYoungGen      total 305664K, used 267518K [0x00000000d5580000, 0x00000000eaa80000, 0x0000000100000000)
  eden space 262144K, 100% used [0x00000000d5580000,0x00000000e5580000,0x00000000e5580000)
  from space 43520K, 12% used [0x00000000e8000000,0x00000000e853fa50,0x00000000eaa80000)
  to   space 43520K, 0% used [0x00000000e5580000,0x00000000e5580000,0x00000000e8000000)
 ParOldGen       total 699392K, used 0K [0x0000000080000000, 0x00000000aab00000, 0x00000000d5580000)
  object space 699392K, 0% used [0x0000000080000000,0x0000000080000000,0x00000000aab00000)
 Metaspace       used 18286K, capacity 18454K, committed 18688K, reserved 1067008K
  class space    used 1668K, capacity 1714K, committed 1792K, reserved 1048576K
Event: 31,775 GC heap after
Heap after GC invocations=3 (full 0):
 PSYoungGen      total 305664K, used 6350K [0x00000000d5580000, 0x00000000eaa80000, 0x0000000100000000)
  eden space 262144K, 0% used [0x00000000d5580000,0x00000000d5580000,0x00000000e5580000)
  from space 43520K, 14% used [0x00000000e5580000,0x00000000e5bb3a60,0x00000000e8000000)
  to   space 43520K, 0% used [0x00000000e8000000,0x00000000e8000000,0x00000000eaa80000)
 ParOldGen       total 699392K, used 47K [0x0000000080000000, 0x00000000aab00000, 0x00000000d5580000)
  object space 699392K, 0% used [0x0000000080000000,0x000000008000be10,0x00000000aab00000)
 Metaspace       used 18286K, capacity 18454K, committed 18688K, reserved 1067008K
  class space    used 1668K, capacity 1714K, committed 1792K, reserved 1048576K
}

